Copyright 1986-2021 Xilinx, Inc. All Rights Reserved.
----------------------------------------------------------------------------------------------
| Tool Version : Vivado v.2021.1 (win64) Build 3247384 Thu Jun 10 19:36:33 MDT 2021
| Date         : Fri Feb 20 11:09:57 2026
| Host         : DESKTOP-FAVD00F running 64-bit major release  (build 9200)
| Command      : report_control_sets -verbose -file min_sec_stopwatch_control_sets_placed.rpt
| Design       : min_sec_stopwatch
| Device       : xc7a35t
----------------------------------------------------------------------------------------------

Control Set Information

Table of Contents
-----------------
1. Summary
2. Histogram
3. Flip-Flop Distribution
4. Detailed Control Set Information

1. Summary
----------

+----------------------------------------------------------+-------+
|                          Status                          | Count |
+----------------------------------------------------------+-------+
| Total control sets                                       |     8 |
|    Minimum number of control sets                        |     8 |
|    Addition due to synthesis replication                 |     0 |
|    Addition due to physical synthesis replication        |     0 |
| Unused register locations in slices containing registers |    32 |
+----------------------------------------------------------+-------+
* Control sets can be merged at opt_design using control_set_merge or merge_equivalent_drivers
** Run report_qor_suggestions for automated merging and remapping suggestions


2. Histogram
------------

+--------------------+-------+
|       Fanout       | Count |
+--------------------+-------+
| Total control sets |     8 |
| >= 0 to < 4        |     3 |
| >= 4 to < 6        |     1 |
| >= 6 to < 8        |     2 |
| >= 8 to < 10       |     0 |
| >= 10 to < 12      |     0 |
| >= 12 to < 14      |     0 |
| >= 14 to < 16      |     0 |
| >= 16              |     2 |
+--------------------+-------+
* Control sets can be remapped at either synth_design or opt_design


3. Flip-Flop Distribution
-------------------------

+--------------+-----------------------+------------------------+-----------------+--------------+
| Clock Enable | Synchronous Set/Reset | Asynchronous Set/Reset | Total Registers | Total Slices |
+--------------+-----------------------+------------------------+-----------------+--------------+
| No           | No                    | No                     |               0 |            0 |
| No           | No                    | Yes                    |             136 |           38 |
| No           | Yes                   | No                     |               0 |            0 |
| Yes          | No                    | No                     |               0 |            0 |
| Yes          | No                    | Yes                    |              48 |           19 |
| Yes          | Yes                   | No                     |               0 |            0 |
+--------------+-----------------------+------------------------+-----------------+--------------+


4. Detailed Control Set Information
-----------------------------------

+----------------+-----------------------------------------------------------+------------------+------------------+----------------+--------------+
|  Clock Signal  |                       Enable Signal                       | Set/Reset Signal | Slice Load Count | Bel Load Count | Bels / Slice |
+----------------+-----------------------------------------------------------+------------------+------------------+----------------+--------------+
|  clk_IBUF_BUFG | u_btn_debounce/U_debounce_btnC/btn_state                  | reset_IBUF       |                1 |              1 |         1.00 |
|  clk_IBUF_BUFG | u_btn_debounce/U_debounce_btnL/btn_state                  | reset_IBUF       |                1 |              1 |         1.00 |
|  clk_IBUF_BUFG | u_btn_debounce/U_debounce_btnR/btn_state                  | reset_IBUF       |                1 |              1 |         1.00 |
|  clk_IBUF_BUFG | u_fnd_controller/u_fnd_digit_select/idle_state[3]_i_1_n_0 | reset_IBUF       |                2 |              4 |         2.00 |
|  clk_IBUF_BUFG | u_control_tower/r_min_counter[5]_i_1_n_0                  | reset_IBUF       |                2 |              6 |         3.00 |
|  clk_IBUF_BUFG | u_control_tower/r_sec_counter[5]_i_1_n_0                  | reset_IBUF       |                2 |              6 |         3.00 |
|  clk_IBUF_BUFG | u_control_tower/r_counter[28]_i_1_n_0                     | reset_IBUF       |               10 |             29 |         2.90 |
|  clk_IBUF_BUFG |                                                           | reset_IBUF       |               38 |            136 |         3.58 |
+----------------+-----------------------------------------------------------+------------------+------------------+----------------+--------------+


